Seed set to 42
/data/home/bty174/.conda/envs/gdtp/lib/python3.8/site-packages/torchmetrics/utilities/prints.py:43: UserWarning: Metric `SpearmanCorrcoef` will save all targets and predictions in the buffer. For large datasets, this may lead to large memory footprint.
  warnings.warn(*args, **kwargs)  # noqa: B028
/data/home/bty174/.conda/envs/gdtp/lib/python3.8/site-packages/torch/nn/modules/transformer.py:282: UserWarning: enable_nested_tensor is True, but self.use_nested_tensor is False because encoder_layer.self_attn.batch_first was not True(use batch_first for better inference performance)
  warnings.warn(f"enable_nested_tensor is True, but self.use_nested_tensor is False because {why_not_sparsity_fast_path}")
GPU available: True (cuda), used: True
TPU available: False, using: 0 TPU cores
IPU available: False, using: 0 IPUs
HPU available: False, using: 0 HPUs
LOCAL_RANK: 0 - CUDA_VISIBLE_DEVICES: [0]

  | Name  | Type                             | Params
-----------------------------------------------------------
0 | model | ShardedVarformerTargetIdentifier | 18.6 M
-----------------------------------------------------------
18.6 M    Trainable params
0         Non-trainable params
18.6 M    Total params
74.295    Total estimated model params size (MB)
/data/home/bty174/.conda/envs/gdtp/lib/python3.8/site-packages/pytorch_lightning/trainer/connectors/data_connector.py:441: The 'val_dataloader' does not have many workers which may be a bottleneck. Consider increasing the value of the `num_workers` argument` to `num_workers=11` in the `DataLoader` to improve performance.
/data/home/bty174/.conda/envs/gdtp/lib/python3.8/site-packages/pytorch_lightning/utilities/data.py:77: Trying to infer the `batch_size` from an ambiguous collection. The batch size we found is 512. To avoid any miscalculations, use `self.log(..., batch_size=batch_size)`.
/data/home/bty174/.conda/envs/gdtp/lib/python3.8/site-packages/pytorch_lightning/trainer/connectors/data_connector.py:441: The 'train_dataloader' does not have many workers which may be a bottleneck. Consider increasing the value of the `num_workers` argument` to `num_workers=11` in the `DataLoader` to improve performance.
/data/home/bty174/.conda/envs/gdtp/lib/python3.8/site-packages/pytorch_lightning/utilities/data.py:77: Trying to infer the `batch_size` from an ambiguous collection. The batch size we found is 428. To avoid any miscalculations, use `self.log(..., batch_size=batch_size)`.
`Trainer.fit` stopped: `max_epochs=20` reached.
/data/home/bty174/.conda/envs/gdtp/lib/python3.8/site-packages/pytorch_lightning/trainer/connectors/checkpoint_connector.py:145: `.test(ckpt_path=None)` was called without a model. The best model of the previous `fit` call will be used. You can pass `.test(ckpt_path='best')` to use the best model or `.test(ckpt_path='last')` to use the last model. If you pass a value, this warning will be silenced.
Restoring states from the checkpoint path at /data/home/bty174/genomic-drug-targeting/src/checkpoints/distillation-3-teacher-pvc/epoch=19-step=400.ckpt
LOCAL_RANK: 0 - CUDA_VISIBLE_DEVICES: [0]
Loaded model weights from the checkpoint at /data/home/bty174/genomic-drug-targeting/src/checkpoints/distillation-3-teacher-pvc/epoch=19-step=400.ckpt
/data/home/bty174/.conda/envs/gdtp/lib/python3.8/site-packages/pytorch_lightning/trainer/connectors/data_connector.py:441: The 'test_dataloader' does not have many workers which may be a bottleneck. Consider increasing the value of the `num_workers` argument` to `num_workers=11` in the `DataLoader` to improve performance.
/data/home/bty174/.conda/envs/gdtp/lib/python3.8/site-packages/pytorch_lightning/utilities/data.py:77: Trying to infer the `batch_size` from an ambiguous collection. The batch size we found is 49. To avoid any miscalculations, use `self.log(..., batch_size=batch_size)`.
Restoring states from the checkpoint path at /data/home/bty174/genomic-drug-targeting/src/checkpoints/distillation-3-teacher-pvc/epoch=19-step=400.ckpt
LOCAL_RANK: 0 - CUDA_VISIBLE_DEVICES: [0]
Loaded model weights from the checkpoint at /data/home/bty174/genomic-drug-targeting/src/checkpoints/distillation-3-teacher-pvc/epoch=19-step=400.ckpt
/data/home/bty174/.conda/envs/gdtp/lib/python3.8/site-packages/pytorch_lightning/utilities/data.py:77: Trying to infer the `batch_size` from an ambiguous collection. The batch size we found is 50. To avoid any miscalculations, use `self.log(..., batch_size=batch_size)`.
Restoring states from the checkpoint path at /data/home/bty174/genomic-drug-targeting/src/checkpoints/distillation-3-teacher-pvc/epoch=19-step=400.ckpt
LOCAL_RANK: 0 - CUDA_VISIBLE_DEVICES: [0]
Loaded model weights from the checkpoint at /data/home/bty174/genomic-drug-targeting/src/checkpoints/distillation-3-teacher-pvc/epoch=19-step=400.ckpt
/data/home/bty174/.conda/envs/gdtp/lib/python3.8/site-packages/pytorch_lightning/utilities/data.py:77: Trying to infer the `batch_size` from an ambiguous collection. The batch size we found is 66. To avoid any miscalculations, use `self.log(..., batch_size=batch_size)`.
/data/home/bty174/.conda/envs/gdtp/lib/python3.8/site-packages/torchmetrics/utilities/prints.py:43: UserWarning: No positive samples in targets, true positive value should be meaningless. Returning zero tensor in true positive score
  warnings.warn(*args, **kwargs)  # noqa: B028
GPU available: True (cuda), used: True
TPU available: False, using: 0 TPU cores
IPU available: False, using: 0 IPUs
HPU available: False, using: 0 HPUs
/data/home/bty174/.conda/envs/gdtp/lib/python3.8/site-packages/pytorch_lightning/callbacks/model_checkpoint.py:639: Checkpoint directory /data/home/bty174/genomic-drug-targeting/src/checkpoints/distillation-3-teacher-pvc exists and is not empty.
LOCAL_RANK: 0 - CUDA_VISIBLE_DEVICES: [0]

  | Name  | Type                             | Params
-----------------------------------------------------------
0 | model | ShardedVarformerTargetIdentifier | 18.6 M
-----------------------------------------------------------
18.6 M    Trainable params
0         Non-trainable params
18.6 M    Total params
74.295    Total estimated model params size (MB)
/data/home/bty174/.conda/envs/gdtp/lib/python3.8/site-packages/pytorch_lightning/utilities/data.py:77: Trying to infer the `batch_size` from an ambiguous collection. The batch size we found is 441. To avoid any miscalculations, use `self.log(..., batch_size=batch_size)`.
`Trainer.fit` stopped: `max_epochs=20` reached.
Restoring states from the checkpoint path at /data/home/bty174/genomic-drug-targeting/src/checkpoints/distillation-3-teacher-pvc/epoch=19-step=400-v1.ckpt
LOCAL_RANK: 0 - CUDA_VISIBLE_DEVICES: [0]
Loaded model weights from the checkpoint at /data/home/bty174/genomic-drug-targeting/src/checkpoints/distillation-3-teacher-pvc/epoch=19-step=400-v1.ckpt
Restoring states from the checkpoint path at /data/home/bty174/genomic-drug-targeting/src/checkpoints/distillation-3-teacher-pvc/epoch=19-step=400-v1.ckpt
LOCAL_RANK: 0 - CUDA_VISIBLE_DEVICES: [0]
Loaded model weights from the checkpoint at /data/home/bty174/genomic-drug-targeting/src/checkpoints/distillation-3-teacher-pvc/epoch=19-step=400-v1.ckpt
Restoring states from the checkpoint path at /data/home/bty174/genomic-drug-targeting/src/checkpoints/distillation-3-teacher-pvc/epoch=19-step=400-v1.ckpt
LOCAL_RANK: 0 - CUDA_VISIBLE_DEVICES: [0]
Loaded model weights from the checkpoint at /data/home/bty174/genomic-drug-targeting/src/checkpoints/distillation-3-teacher-pvc/epoch=19-step=400-v1.ckpt
GPU available: True (cuda), used: True
TPU available: False, using: 0 TPU cores
IPU available: False, using: 0 IPUs
HPU available: False, using: 0 HPUs
LOCAL_RANK: 0 - CUDA_VISIBLE_DEVICES: [0]

  | Name  | Type                             | Params
-----------------------------------------------------------
0 | model | ShardedVarformerTargetIdentifier | 17.8 M
-----------------------------------------------------------
17.8 M    Trainable params
0         Non-trainable params
17.8 M    Total params
71.280    Total estimated model params size (MB)
../aten/src/ATen/native/cuda/Indexing.cu:1292: indexSelectLargeIndex: block: [1029,0,0], thread: [32,0,0] Assertion `srcIndex < srcSelectDimSize` failed.
../aten/src/ATen/native/cuda/Indexing.cu:1292: indexSelectLargeIndex: block: [1029,0,0], thread: [33,0,0] Assertion `srcIndex < srcSelectDimSize` failed.
../aten/src/ATen/native/cuda/Indexing.cu:1292: indexSelectLargeIndex: block: [1029,0,0], thread: [34,0,0] Assertion `srcIndex < srcSelectDimSize` failed.
../aten/src/ATen/native/cuda/Indexing.cu:1292: indexSelectLargeIndex: block: [1029,0,0], thread: [35,0,0] Assertion `srcIndex < srcSelectDimSize` failed.
../aten/src/ATen/native/cuda/Indexing.cu:1292: indexSelectLargeIndex: block: [1029,0,0], thread: [36,0,0] Assertion `srcIndex < srcSelectDimSize` failed.
../aten/src/ATen/native/cuda/Indexing.cu:1292: indexSelectLargeIndex: block: [1029,0,0], thread: [37,0,0] Assertion `srcIndex < srcSelectDimSize` failed.
../aten/src/ATen/native/cuda/Indexing.cu:1292: indexSelectLargeIndex: block: [1029,0,0], thread: [38,0,0] Assertion `srcIndex < srcSelectDimSize` failed.
../aten/src/ATen/native/cuda/Indexing.cu:1292: indexSelectLargeIndex: block: [1029,0,0], thread: [39,0,0] Assertion `srcIndex < srcSelectDimSize` failed.
../aten/src/ATen/native/cuda/Indexing.cu:1292: indexSelectLargeIndex: block: [1029,0,0], thread: [40,0,0] Assertion `srcIndex < srcSelectDimSize` failed.
../aten/src/ATen/native/cuda/Indexing.cu:1292: indexSelectLargeIndex: block: [1029,0,0], thread: [41,0,0] Assertion `srcIndex < srcSelectDimSize` failed.
../aten/src/ATen/native/cuda/Indexing.cu:1292: indexSelectLargeIndex: block: [1029,0,0], thread: [42,0,0] Assertion `srcIndex < srcSelectDimSize` failed.
../aten/src/ATen/native/cuda/Indexing.cu:1292: indexSelectLargeIndex: block: [1029,0,0], thread: [43,0,0] Assertion `srcIndex < srcSelectDimSize` failed.
../aten/src/ATen/native/cuda/Indexing.cu:1292: indexSelectLargeIndex: block: [1029,0,0], thread: [44,0,0] Assertion `srcIndex < srcSelectDimSize` failed.
../aten/src/ATen/native/cuda/Indexing.cu:1292: indexSelectLargeIndex: block: [1029,0,0], thread: [45,0,0] Assertion `srcIndex < srcSelectDimSize` failed.
../aten/src/ATen/native/cuda/Indexing.cu:1292: indexSelectLargeIndex: block: [1029,0,0], thread: [46,0,0] Assertion `srcIndex < srcSelectDimSize` failed.
../aten/src/ATen/native/cuda/Indexing.cu:1292: indexSelectLargeIndex: block: [1029,0,0], thread: [47,0,0] Assertion `srcIndex < srcSelectDimSize` failed.
../aten/src/ATen/native/cuda/Indexing.cu:1292: indexSelectLargeIndex: block: [1029,0,0], thread: [48,0,0] Assertion `srcIndex < srcSelectDimSize` failed.
../aten/src/ATen/native/cuda/Indexing.cu:1292: indexSelectLargeIndex: block: [1029,0,0], thread: [49,0,0] Assertion `srcIndex < srcSelectDimSize` failed.
../aten/src/ATen/native/cuda/Indexing.cu:1292: indexSelectLargeIndex: block: [1029,0,0], thread: [50,0,0] Assertion `srcIndex < srcSelectDimSize` failed.
../aten/src/ATen/native/cuda/Indexing.cu:1292: indexSelectLargeIndex: block: [1029,0,0], thread: [51,0,0] Assertion `srcIndex < srcSelectDimSize` failed.
../aten/src/ATen/native/cuda/Indexing.cu:1292: indexSelectLargeIndex: block: [1029,0,0], thread: [52,0,0] Assertion `srcIndex < srcSelectDimSize` failed.
../aten/src/ATen/native/cuda/Indexing.cu:1292: indexSelectLargeIndex: block: [1029,0,0], thread: [53,0,0] Assertion `srcIndex < srcSelectDimSize` failed.
../aten/src/ATen/native/cuda/Indexing.cu:1292: indexSelectLargeIndex: block: [1029,0,0], thread: [54,0,0] Assertion `srcIndex < srcSelectDimSize` failed.
../aten/src/ATen/native/cuda/Indexing.cu:1292: indexSelectLargeIndex: block: [1029,0,0], thread: [55,0,0] Assertion `srcIndex < srcSelectDimSize` failed.
../aten/src/ATen/native/cuda/Indexing.cu:1292: indexSelectLargeIndex: block: [1029,0,0], thread: [56,0,0] Assertion `srcIndex < srcSelectDimSize` failed.
../aten/src/ATen/native/cuda/Indexing.cu:1292: indexSelectLargeIndex: block: [1029,0,0], thread: [57,0,0] Assertion `srcIndex < srcSelectDimSize` failed.
../aten/src/ATen/native/cuda/Indexing.cu:1292: indexSelectLargeIndex: block: [1029,0,0], thread: [58,0,0] Assertion `srcIndex < srcSelectDimSize` failed.
../aten/src/ATen/native/cuda/Indexing.cu:1292: indexSelectLargeIndex: block: [1029,0,0], thread: [59,0,0] Assertion `srcIndex < srcSelectDimSize` failed.
../aten/src/ATen/native/cuda/Indexing.cu:1292: indexSelectLargeIndex: block: [1029,0,0], thread: [60,0,0] Assertion `srcIndex < srcSelectDimSize` failed.
../aten/src/ATen/native/cuda/Indexing.cu:1292: indexSelectLargeIndex: block: [1029,0,0], thread: [61,0,0] Assertion `srcIndex < srcSelectDimSize` failed.
../aten/src/ATen/native/cuda/Indexing.cu:1292: indexSelectLargeIndex: block: [1029,0,0], thread: [62,0,0] Assertion `srcIndex < srcSelectDimSize` failed.
../aten/src/ATen/native/cuda/Indexing.cu:1292: indexSelectLargeIndex: block: [1029,0,0], thread: [63,0,0] Assertion `srcIndex < srcSelectDimSize` failed.
../aten/src/ATen/native/cuda/Indexing.cu:1292: indexSelectLargeIndex: block: [1016,0,0], thread: [0,0,0] Assertion `srcIndex < srcSelectDimSize` failed.
../aten/src/ATen/native/cuda/Indexing.cu:1292: indexSelectLargeIndex: block: [1016,0,0], thread: [1,0,0] Assertion `srcIndex < srcSelectDimSize` failed.
../aten/src/ATen/native/cuda/Indexing.cu:1292: indexSelectLargeIndex: block: [1016,0,0], thread: [2,0,0] Assertion `srcIndex < srcSelectDimSize` failed.
../aten/src/ATen/native/cuda/Indexing.cu:1292: indexSelectLargeIndex: block: [1016,0,0], thread: [3,0,0] Assertion `srcIndex < srcSelectDimSize` failed.
../aten/src/ATen/native/cuda/Indexing.cu:1292: indexSelectLargeIndex: block: [1016,0,0], thread: [4,0,0] Assertion `srcIndex < srcSelectDimSize` failed.
../aten/src/ATen/native/cuda/Indexing.cu:1292: indexSelectLargeIndex: block: [1016,0,0], thread: [5,0,0] Assertion `srcIndex < srcSelectDimSize` failed.
../aten/src/ATen/native/cuda/Indexing.cu:1292: indexSelectLargeIndex: block: [1016,0,0], thread: [6,0,0] Assertion `srcIndex < srcSelectDimSize` failed.
../aten/src/ATen/native/cuda/Indexing.cu:1292: indexSelectLargeIndex: block: [1016,0,0], thread: [7,0,0] Assertion `srcIndex < srcSelectDimSize` failed.
../aten/src/ATen/native/cuda/Indexing.cu:1292: indexSelectLargeIndex: block: [1016,0,0], thread: [8,0,0] Assertion `srcIndex < srcSelectDimSize` failed.
../aten/src/ATen/native/cuda/Indexing.cu:1292: indexSelectLargeIndex: block: [1016,0,0], thread: [9,0,0] Assertion `srcIndex < srcSelectDimSize` failed.
../aten/src/ATen/native/cuda/Indexing.cu:1292: indexSelectLargeIndex: block: [1016,0,0], thread: [10,0,0] Assertion `srcIndex < srcSelectDimSize` failed.
../aten/src/ATen/native/cuda/Indexing.cu:1292: indexSelectLargeIndex: block: [1016,0,0], thread: [11,0,0] Assertion `srcIndex < srcSelectDimSize` failed.
../aten/src/ATen/native/cuda/Indexing.cu:1292: indexSelectLargeIndex: block: [1016,0,0], thread: [12,0,0] Assertion `srcIndex < srcSelectDimSize` failed.
../aten/src/ATen/native/cuda/Indexing.cu:1292: indexSelectLargeIndex: block: [1016,0,0], thread: [13,0,0] Assertion `srcIndex < srcSelectDimSize` failed.
../aten/src/ATen/native/cuda/Indexing.cu:1292: indexSelectLargeIndex: block: [1016,0,0], thread: [14,0,0] Assertion `srcIndex < srcSelectDimSize` failed.
../aten/src/ATen/native/cuda/Indexing.cu:1292: indexSelectLargeIndex: block: [1016,0,0], thread: [15,0,0] Assertion `srcIndex < srcSelectDimSize` failed.
../aten/src/ATen/native/cuda/Indexing.cu:1292: indexSelectLargeIndex: block: [1016,0,0], thread: [16,0,0] Assertion `srcIndex < srcSelectDimSize` failed.
../aten/src/ATen/native/cuda/Indexing.cu:1292: indexSelectLargeIndex: block: [1016,0,0], thread: [17,0,0] Assertion `srcIndex < srcSelectDimSize` failed.
../aten/src/ATen/native/cuda/Indexing.cu:1292: indexSelectLargeIndex: block: [1016,0,0], thread: [18,0,0] Assertion `srcIndex < srcSelectDimSize` failed.
../aten/src/ATen/native/cuda/Indexing.cu:1292: indexSelectLargeIndex: block: [1016,0,0], thread: [19,0,0] Assertion `srcIndex < srcSelectDimSize` failed.
../aten/src/ATen/native/cuda/Indexing.cu:1292: indexSelectLargeIndex: block: [1016,0,0], thread: [20,0,0] Assertion `srcIndex < srcSelectDimSize` failed.
../aten/src/ATen/native/cuda/Indexing.cu:1292: indexSelectLargeIndex: block: [1016,0,0], thread: [21,0,0] Assertion `srcIndex < srcSelectDimSize` failed.
../aten/src/ATen/native/cuda/Indexing.cu:1292: indexSelectLargeIndex: block: [1016,0,0], thread: [22,0,0] Assertion `srcIndex < srcSelectDimSize` failed.
../aten/src/ATen/native/cuda/Indexing.cu:1292: indexSelectLargeIndex: block: [1016,0,0], thread: [23,0,0] Assertion `srcIndex < srcSelectDimSize` failed.
../aten/src/ATen/native/cuda/Indexing.cu:1292: indexSelectLargeIndex: block: [1016,0,0], thread: [24,0,0] Assertion `srcIndex < srcSelectDimSize` failed.
../aten/src/ATen/native/cuda/Indexing.cu:1292: indexSelectLargeIndex: block: [1016,0,0], thread: [25,0,0] Assertion `srcIndex < srcSelectDimSize` failed.
../aten/src/ATen/native/cuda/Indexing.cu:1292: indexSelectLargeIndex: block: [1016,0,0], thread: [26,0,0] Assertion `srcIndex < srcSelectDimSize` failed.
../aten/src/ATen/native/cuda/Indexing.cu:1292: indexSelectLargeIndex: block: [1016,0,0], thread: [27,0,0] Assertion `srcIndex < srcSelectDimSize` failed.
../aten/src/ATen/native/cuda/Indexing.cu:1292: indexSelectLargeIndex: block: [1016,0,0], thread: [28,0,0] Assertion `srcIndex < srcSelectDimSize` failed.
../aten/src/ATen/native/cuda/Indexing.cu:1292: indexSelectLargeIndex: block: [1016,0,0], thread: [29,0,0] Assertion `srcIndex < srcSelectDimSize` failed.
../aten/src/ATen/native/cuda/Indexing.cu:1292: indexSelectLargeIndex: block: [1016,0,0], thread: [30,0,0] Assertion `srcIndex < srcSelectDimSize` failed.
../aten/src/ATen/native/cuda/Indexing.cu:1292: indexSelectLargeIndex: block: [1016,0,0], thread: [31,0,0] Assertion `srcIndex < srcSelectDimSize` failed.
../aten/src/ATen/native/cuda/Indexing.cu:1292: indexSelectLargeIndex: block: [1017,0,0], thread: [32,0,0] Assertion `srcIndex < srcSelectDimSize` failed.
../aten/src/ATen/native/cuda/Indexing.cu:1292: indexSelectLargeIndex: block: [1017,0,0], thread: [33,0,0] Assertion `srcIndex < srcSelectDimSize` failed.
../aten/src/ATen/native/cuda/Indexing.cu:1292: indexSelectLargeIndex: block: [1017,0,0], thread: [34,0,0] Assertion `srcIndex < srcSelectDimSize` failed.
../aten/src/ATen/native/cuda/Indexing.cu:1292: indexSelectLargeIndex: block: [1017,0,0], thread: [35,0,0] Assertion `srcIndex < srcSelectDimSize` failed.
../aten/src/ATen/native/cuda/Indexing.cu:1292: indexSelectLargeIndex: block: [1017,0,0], thread: [36,0,0] Assertion `srcIndex < srcSelectDimSize` failed.
../aten/src/ATen/native/cuda/Indexing.cu:1292: indexSelectLargeIndex: block: [1017,0,0], thread: [37,0,0] Assertion `srcIndex < srcSelectDimSize` failed.
../aten/src/ATen/native/cuda/Indexing.cu:1292: indexSelectLargeIndex: block: [1017,0,0], thread: [38,0,0] Assertion `srcIndex < srcSelectDimSize` failed.
../aten/src/ATen/native/cuda/Indexing.cu:1292: indexSelectLargeIndex: block: [1017,0,0], thread: [39,0,0] Assertion `srcIndex < srcSelectDimSize` failed.
../aten/src/ATen/native/cuda/Indexing.cu:1292: indexSelectLargeIndex: block: [1017,0,0], thread: [40,0,0] Assertion `srcIndex < srcSelectDimSize` failed.
../aten/src/ATen/native/cuda/Indexing.cu:1292: indexSelectLargeIndex: block: [1017,0,0], thread: [41,0,0] Assertion `srcIndex < srcSelectDimSize` failed.
../aten/src/ATen/native/cuda/Indexing.cu:1292: indexSelectLargeIndex: block: [1017,0,0], thread: [42,0,0] Assertion `srcIndex < srcSelectDimSize` failed.
../aten/src/ATen/native/cuda/Indexing.cu:1292: indexSelectLargeIndex: block: [1017,0,0], thread: [43,0,0] Assertion `srcIndex < srcSelectDimSize` failed.
../aten/src/ATen/native/cuda/Indexing.cu:1292: indexSelectLargeIndex: block: [1017,0,0], thread: [44,0,0] Assertion `srcIndex < srcSelectDimSize` failed.
../aten/src/ATen/native/cuda/Indexing.cu:1292: indexSelectLargeIndex: block: [1017,0,0], thread: [45,0,0] Assertion `srcIndex < srcSelectDimSize` failed.
../aten/src/ATen/native/cuda/Indexing.cu:1292: indexSelectLargeIndex: block: [1017,0,0], thread: [46,0,0] Assertion `srcIndex < srcSelectDimSize` failed.
../aten/src/ATen/native/cuda/Indexing.cu:1292: indexSelectLargeIndex: block: [1017,0,0], thread: [47,0,0] Assertion `srcIndex < srcSelectDimSize` failed.
../aten/src/ATen/native/cuda/Indexing.cu:1292: indexSelectLargeIndex: block: [1017,0,0], thread: [48,0,0] Assertion `srcIndex < srcSelectDimSize` failed.
../aten/src/ATen/native/cuda/Indexing.cu:1292: indexSelectLargeIndex: block: [1017,0,0], thread: [49,0,0] Assertion `srcIndex < srcSelectDimSize` failed.
../aten/src/ATen/native/cuda/Indexing.cu:1292: indexSelectLargeIndex: block: [1017,0,0], thread: [50,0,0] Assertion `srcIndex < srcSelectDimSize` failed.
../aten/src/ATen/native/cuda/Indexing.cu:1292: indexSelectLargeIndex: block: [1017,0,0], thread: [51,0,0] Assertion `srcIndex < srcSelectDimSize` failed.
../aten/src/ATen/native/cuda/Indexing.cu:1292: indexSelectLargeIndex: block: [1017,0,0], thread: [52,0,0] Assertion `srcIndex < srcSelectDimSize` failed.
../aten/src/ATen/native/cuda/Indexing.cu:1292: indexSelectLargeIndex: block: [1017,0,0], thread: [53,0,0] Assertion `srcIndex < srcSelectDimSize` failed.
../aten/src/ATen/native/cuda/Indexing.cu:1292: indexSelectLargeIndex: block: [1017,0,0], thread: [54,0,0] Assertion `srcIndex < srcSelectDimSize` failed.
../aten/src/ATen/native/cuda/Indexing.cu:1292: indexSelectLargeIndex: block: [1017,0,0], thread: [55,0,0] Assertion `srcIndex < srcSelectDimSize` failed.
../aten/src/ATen/native/cuda/Indexing.cu:1292: indexSelectLargeIndex: block: [1017,0,0], thread: [56,0,0] Assertion `srcIndex < srcSelectDimSize` failed.
../aten/src/ATen/native/cuda/Indexing.cu:1292: indexSelectLargeIndex: block: [1017,0,0], thread: [57,0,0] Assertion `srcIndex < srcSelectDimSize` failed.
../aten/src/ATen/native/cuda/Indexing.cu:1292: indexSelectLargeIndex: block: [1017,0,0], thread: [58,0,0] Assertion `srcIndex < srcSelectDimSize` failed.
../aten/src/ATen/native/cuda/Indexing.cu:1292: indexSelectLargeIndex: block: [1017,0,0], thread: [59,0,0] Assertion `srcIndex < srcSelectDimSize` failed.
../aten/src/ATen/native/cuda/Indexing.cu:1292: indexSelectLargeIndex: block: [1017,0,0], thread: [60,0,0] Assertion `srcIndex < srcSelectDimSize` failed.
../aten/src/ATen/native/cuda/Indexing.cu:1292: indexSelectLargeIndex: block: [1017,0,0], thread: [61,0,0] Assertion `srcIndex < srcSelectDimSize` failed.
../aten/src/ATen/native/cuda/Indexing.cu:1292: indexSelectLargeIndex: block: [1017,0,0], thread: [62,0,0] Assertion `srcIndex < srcSelectDimSize` failed.
../aten/src/ATen/native/cuda/Indexing.cu:1292: indexSelectLargeIndex: block: [1017,0,0], thread: [63,0,0] Assertion `srcIndex < srcSelectDimSize` failed.
../aten/src/ATen/native/cuda/Indexing.cu:1292: indexSelectLargeIndex: block: [1011,0,0], thread: [0,0,0] Assertion `srcIndex < srcSelectDimSize` failed.
../aten/src/ATen/native/cuda/Indexing.cu:1292: indexSelectLargeIndex: block: [1011,0,0], thread: [1,0,0] Assertion `srcIndex < srcSelectDimSize` failed.
../aten/src/ATen/native/cuda/Indexing.cu:1292: indexSelectLargeIndex: block: [1011,0,0], thread: [2,0,0] Assertion `srcIndex < srcSelectDimSize` failed.
../aten/src/ATen/native/cuda/Indexing.cu:1292: indexSelectLargeIndex: block: [1011,0,0], thread: [3,0,0] Assertion `srcIndex < srcSelectDimSize` failed.
../aten/src/ATen/native/cuda/Indexing.cu:1292: indexSelectLargeIndex: block: [1011,0,0], thread: [4,0,0] Assertion `srcIndex < srcSelectDimSize` failed.
../aten/src/ATen/native/cuda/Indexing.cu:1292: indexSelectLargeIndex: block: [1011,0,0], thread: [5,0,0] Assertion `srcIndex < srcSelectDimSize` failed.
../aten/src/ATen/native/cuda/Indexing.cu:1292: indexSelectLargeIndex: block: [1011,0,0], thread: [6,0,0] Assertion `srcIndex < srcSelectDimSize` failed.
../aten/src/ATen/native/cuda/Indexing.cu:1292: indexSelectLargeIndex: block: [1011,0,0], thread: [7,0,0] Assertion `srcIndex < srcSelectDimSize` failed.
../aten/src/ATen/native/cuda/Indexing.cu:1292: indexSelectLargeIndex: block: [1011,0,0], thread: [8,0,0] Assertion `srcIndex < srcSelectDimSize` failed.
../aten/src/ATen/native/cuda/Indexing.cu:1292: indexSelectLargeIndex: block: [1011,0,0], thread: [9,0,0] Assertion `srcIndex < srcSelectDimSize` failed.
../aten/src/ATen/native/cuda/Indexing.cu:1292: indexSelectLargeIndex: block: [1011,0,0], thread: [10,0,0] Assertion `srcIndex < srcSelectDimSize` failed.
../aten/src/ATen/native/cuda/Indexing.cu:1292: indexSelectLargeIndex: block: [1011,0,0], thread: [11,0,0] Assertion `srcIndex < srcSelectDimSize` failed.
../aten/src/ATen/native/cuda/Indexing.cu:1292: indexSelectLargeIndex: block: [1011,0,0], thread: [12,0,0] Assertion `srcIndex < srcSelectDimSize` failed.
../aten/src/ATen/native/cuda/Indexing.cu:1292: indexSelectLargeIndex: block: [1011,0,0], thread: [13,0,0] Assertion `srcIndex < srcSelectDimSize` failed.
../aten/src/ATen/native/cuda/Indexing.cu:1292: indexSelectLargeIndex: block: [1011,0,0], thread: [14,0,0] Assertion `srcIndex < srcSelectDimSize` failed.
../aten/src/ATen/native/cuda/Indexing.cu:1292: indexSelectLargeIndex: block: [1011,0,0], thread: [15,0,0] Assertion `srcIndex < srcSelectDimSize` failed.
../aten/src/ATen/native/cuda/Indexing.cu:1292: indexSelectLargeIndex: block: [1011,0,0], thread: [16,0,0] Assertion `srcIndex < srcSelectDimSize` failed.
../aten/src/ATen/native/cuda/Indexing.cu:1292: indexSelectLargeIndex: block: [1011,0,0], thread: [17,0,0] Assertion `srcIndex < srcSelectDimSize` failed.
../aten/src/ATen/native/cuda/Indexing.cu:1292: indexSelectLargeIndex: block: [1011,0,0], thread: [18,0,0] Assertion `srcIndex < srcSelectDimSize` failed.
../aten/src/ATen/native/cuda/Indexing.cu:1292: indexSelectLargeIndex: block: [1011,0,0], thread: [19,0,0] Assertion `srcIndex < srcSelectDimSize` failed.
../aten/src/ATen/native/cuda/Indexing.cu:1292: indexSelectLargeIndex: block: [1011,0,0], thread: [20,0,0] Assertion `srcIndex < srcSelectDimSize` failed.
../aten/src/ATen/native/cuda/Indexing.cu:1292: indexSelectLargeIndex: block: [1011,0,0], thread: [21,0,0] Assertion `srcIndex < srcSelectDimSize` failed.
../aten/src/ATen/native/cuda/Indexing.cu:1292: indexSelectLargeIndex: block: [1011,0,0], thread: [22,0,0] Assertion `srcIndex < srcSelectDimSize` failed.
../aten/src/ATen/native/cuda/Indexing.cu:1292: indexSelectLargeIndex: block: [1011,0,0], thread: [23,0,0] Assertion `srcIndex < srcSelectDimSize` failed.
../aten/src/ATen/native/cuda/Indexing.cu:1292: indexSelectLargeIndex: block: [1011,0,0], thread: [24,0,0] Assertion `srcIndex < srcSelectDimSize` failed.
../aten/src/ATen/native/cuda/Indexing.cu:1292: indexSelectLargeIndex: block: [1011,0,0], thread: [25,0,0] Assertion `srcIndex < srcSelectDimSize` failed.
../aten/src/ATen/native/cuda/Indexing.cu:1292: indexSelectLargeIndex: block: [1011,0,0], thread: [26,0,0] Assertion `srcIndex < srcSelectDimSize` failed.
../aten/src/ATen/native/cuda/Indexing.cu:1292: indexSelectLargeIndex: block: [1011,0,0], thread: [27,0,0] Assertion `srcIndex < srcSelectDimSize` failed.
../aten/src/ATen/native/cuda/Indexing.cu:1292: indexSelectLargeIndex: block: [1011,0,0], thread: [28,0,0] Assertion `srcIndex < srcSelectDimSize` failed.
../aten/src/ATen/native/cuda/Indexing.cu:1292: indexSelectLargeIndex: block: [1011,0,0], thread: [29,0,0] Assertion `srcIndex < srcSelectDimSize` failed.
../aten/src/ATen/native/cuda/Indexing.cu:1292: indexSelectLargeIndex: block: [1011,0,0], thread: [30,0,0] Assertion `srcIndex < srcSelectDimSize` failed.
../aten/src/ATen/native/cuda/Indexing.cu:1292: indexSelectLargeIndex: block: [1011,0,0], thread: [31,0,0] Assertion `srcIndex < srcSelectDimSize` failed.
../aten/src/ATen/native/cuda/Indexing.cu:1292: indexSelectLargeIndex: block: [1011,0,0], thread: [96,0,0] Assertion `srcIndex < srcSelectDimSize` failed.
../aten/src/ATen/native/cuda/Indexing.cu:1292: indexSelectLargeIndex: block: [1011,0,0], thread: [97,0,0] Assertion `srcIndex < srcSelectDimSize` failed.
../aten/src/ATen/native/cuda/Indexing.cu:1292: indexSelectLargeIndex: block: [1011,0,0], thread: [98,0,0] Assertion `srcIndex < srcSelectDimSize` failed.
../aten/src/ATen/native/cuda/Indexing.cu:1292: indexSelectLargeIndex: block: [1011,0,0], thread: [99,0,0] Assertion `srcIndex < srcSelectDimSize` failed.
../aten/src/ATen/native/cuda/Indexing.cu:1292: indexSelectLargeIndex: block: [1011,0,0], thread: [100,0,0] Assertion `srcIndex < srcSelectDimSize` failed.
../aten/src/ATen/native/cuda/Indexing.cu:1292: indexSelectLargeIndex: block: [1011,0,0], thread: [101,0,0] Assertion `srcIndex < srcSelectDimSize` failed.
../aten/src/ATen/native/cuda/Indexing.cu:1292: indexSelectLargeIndex: block: [1011,0,0], thread: [102,0,0] Assertion `srcIndex < srcSelectDimSize` failed.
../aten/src/ATen/native/cuda/Indexing.cu:1292: indexSelectLargeIndex: block: [1011,0,0], thread: [103,0,0] Assertion `srcIndex < srcSelectDimSize` failed.
../aten/src/ATen/native/cuda/Indexing.cu:1292: indexSelectLargeIndex: block: [1011,0,0], thread: [104,0,0] Assertion `srcIndex < srcSelectDimSize` failed.
../aten/src/ATen/native/cuda/Indexing.cu:1292: indexSelectLargeIndex: block: [1011,0,0], thread: [105,0,0] Assertion `srcIndex < srcSelectDimSize` failed.
../aten/src/ATen/native/cuda/Indexing.cu:1292: indexSelectLargeIndex: block: [1011,0,0], thread: [106,0,0] Assertion `srcIndex < srcSelectDimSize` failed.
../aten/src/ATen/native/cuda/Indexing.cu:1292: indexSelectLargeIndex: block: [1011,0,0], thread: [107,0,0] Assertion `srcIndex < srcSelectDimSize` failed.
../aten/src/ATen/native/cuda/Indexing.cu:1292: indexSelectLargeIndex: block: [1011,0,0], thread: [108,0,0] Assertion `srcIndex < srcSelectDimSize` failed.
../aten/src/ATen/native/cuda/Indexing.cu:1292: indexSelectLargeIndex: block: [1011,0,0], thread: [109,0,0] Assertion `srcIndex < srcSelectDimSize` failed.
../aten/src/ATen/native/cuda/Indexing.cu:1292: indexSelectLargeIndex: block: [1011,0,0], thread: [110,0,0] Assertion `srcIndex < srcSelectDimSize` failed.
../aten/src/ATen/native/cuda/Indexing.cu:1292: indexSelectLargeIndex: block: [1011,0,0], thread: [111,0,0] Assertion `srcIndex < srcSelectDimSize` failed.
../aten/src/ATen/native/cuda/Indexing.cu:1292: indexSelectLargeIndex: block: [1011,0,0], thread: [112,0,0] Assertion `srcIndex < srcSelectDimSize` failed.
../aten/src/ATen/native/cuda/Indexing.cu:1292: indexSelectLargeIndex: block: [1011,0,0], thread: [113,0,0] Assertion `srcIndex < srcSelectDimSize` failed.
../aten/src/ATen/native/cuda/Indexing.cu:1292: indexSelectLargeIndex: block: [1011,0,0], thread: [114,0,0] Assertion `srcIndex < srcSelectDimSize` failed.
../aten/src/ATen/native/cuda/Indexing.cu:1292: indexSelectLargeIndex: block: [1011,0,0], thread: [115,0,0] Assertion `srcIndex < srcSelectDimSize` failed.
../aten/src/ATen/native/cuda/Indexing.cu:1292: indexSelectLargeIndex: block: [1011,0,0], thread: [116,0,0] Assertion `srcIndex < srcSelectDimSize` failed.
../aten/src/ATen/native/cuda/Indexing.cu:1292: indexSelectLargeIndex: block: [1011,0,0], thread: [117,0,0] Assertion `srcIndex < srcSelectDimSize` failed.
../aten/src/ATen/native/cuda/Indexing.cu:1292: indexSelectLargeIndex: block: [1011,0,0], thread: [118,0,0] Assertion `srcIndex < srcSelectDimSize` failed.
../aten/src/ATen/native/cuda/Indexing.cu:1292: indexSelectLargeIndex: block: [1011,0,0], thread: [119,0,0] Assertion `srcIndex < srcSelectDimSize` failed.
../aten/src/ATen/native/cuda/Indexing.cu:1292: indexSelectLargeIndex: block: [1011,0,0], thread: [120,0,0] Assertion `srcIndex < srcSelectDimSize` failed.
../aten/src/ATen/native/cuda/Indexing.cu:1292: indexSelectLargeIndex: block: [1011,0,0], thread: [121,0,0] Assertion `srcIndex < srcSelectDimSize` failed.
../aten/src/ATen/native/cuda/Indexing.cu:1292: indexSelectLargeIndex: block: [1011,0,0], thread: [122,0,0] Assertion `srcIndex < srcSelectDimSize` failed.
../aten/src/ATen/native/cuda/Indexing.cu:1292: indexSelectLargeIndex: block: [1011,0,0], thread: [123,0,0] Assertion `srcIndex < srcSelectDimSize` failed.
../aten/src/ATen/native/cuda/Indexing.cu:1292: indexSelectLargeIndex: block: [1011,0,0], thread: [124,0,0] Assertion `srcIndex < srcSelectDimSize` failed.
../aten/src/ATen/native/cuda/Indexing.cu:1292: indexSelectLargeIndex: block: [1011,0,0], thread: [125,0,0] Assertion `srcIndex < srcSelectDimSize` failed.
../aten/src/ATen/native/cuda/Indexing.cu:1292: indexSelectLargeIndex: block: [1011,0,0], thread: [126,0,0] Assertion `srcIndex < srcSelectDimSize` failed.
../aten/src/ATen/native/cuda/Indexing.cu:1292: indexSelectLargeIndex: block: [1011,0,0], thread: [127,0,0] Assertion `srcIndex < srcSelectDimSize` failed.
../aten/src/ATen/native/cuda/Indexing.cu:1292: indexSelectLargeIndex: block: [1011,0,0], thread: [64,0,0] Assertion `srcIndex < srcSelectDimSize` failed.
../aten/src/ATen/native/cuda/Indexing.cu:1292: indexSelectLargeIndex: block: [1011,0,0], thread: [65,0,0] Assertion `srcIndex < srcSelectDimSize` failed.
../aten/src/ATen/native/cuda/Indexing.cu:1292: indexSelectLargeIndex: block: [1011,0,0], thread: [66,0,0] Assertion `srcIndex < srcSelectDimSize` failed.
../aten/src/ATen/native/cuda/Indexing.cu:1292: indexSelectLargeIndex: block: [1011,0,0], thread: [67,0,0] Assertion `srcIndex < srcSelectDimSize` failed.
../aten/src/ATen/native/cuda/Indexing.cu:1292: indexSelectLargeIndex: block: [1011,0,0], thread: [68,0,0] Assertion `srcIndex < srcSelectDimSize` failed.
../aten/src/ATen/native/cuda/Indexing.cu:1292: indexSelectLargeIndex: block: [1011,0,0], thread: [69,0,0] Assertion `srcIndex < srcSelectDimSize` failed.
../aten/src/ATen/native/cuda/Indexing.cu:1292: indexSelectLargeIndex: block: [1011,0,0], thread: [70,0,0] Assertion `srcIndex < srcSelectDimSize` failed.
../aten/src/ATen/native/cuda/Indexing.cu:1292: indexSelectLargeIndex: block: [1011,0,0], thread: [71,0,0] Assertion `srcIndex < srcSelectDimSize` failed.
../aten/src/ATen/native/cuda/Indexing.cu:1292: indexSelectLargeIndex: block: [1011,0,0], thread: [72,0,0] Assertion `srcIndex < srcSelectDimSize` failed.
../aten/src/ATen/native/cuda/Indexing.cu:1292: indexSelectLargeIndex: block: [1011,0,0], thread: [73,0,0] Assertion `srcIndex < srcSelectDimSize` failed.
../aten/src/ATen/native/cuda/Indexing.cu:1292: indexSelectLargeIndex: block: [1011,0,0], thread: [74,0,0] Assertion `srcIndex < srcSelectDimSize` failed.
../aten/src/ATen/native/cuda/Indexing.cu:1292: indexSelectLargeIndex: block: [1011,0,0], thread: [75,0,0] Assertion `srcIndex < srcSelectDimSize` failed.
../aten/src/ATen/native/cuda/Indexing.cu:1292: indexSelectLargeIndex: block: [1011,0,0], thread: [76,0,0] Assertion `srcIndex < srcSelectDimSize` failed.
../aten/src/ATen/native/cuda/Indexing.cu:1292: indexSelectLargeIndex: block: [1011,0,0], thread: [77,0,0] Assertion `srcIndex < srcSelectDimSize` failed.
../aten/src/ATen/native/cuda/Indexing.cu:1292: indexSelectLargeIndex: block: [1011,0,0], thread: [78,0,0] Assertion `srcIndex < srcSelectDimSize` failed.
../aten/src/ATen/native/cuda/Indexing.cu:1292: indexSelectLargeIndex: block: [1011,0,0], thread: [79,0,0] Assertion `srcIndex < srcSelectDimSize` failed.
../aten/src/ATen/native/cuda/Indexing.cu:1292: indexSelectLargeIndex: block: [1011,0,0], thread: [80,0,0] Assertion `srcIndex < srcSelectDimSize` failed.
../aten/src/ATen/native/cuda/Indexing.cu:1292: indexSelectLargeIndex: block: [1011,0,0], thread: [81,0,0] Assertion `srcIndex < srcSelectDimSize` failed.
../aten/src/ATen/native/cuda/Indexing.cu:1292: indexSelectLargeIndex: block: [1011,0,0], thread: [82,0,0] Assertion `srcIndex < srcSelectDimSize` failed.
../aten/src/ATen/native/cuda/Indexing.cu:1292: indexSelectLargeIndex: block: [1011,0,0], thread: [83,0,0] Assertion `srcIndex < srcSelectDimSize` failed.
../aten/src/ATen/native/cuda/Indexing.cu:1292: indexSelectLargeIndex: block: [1011,0,0], thread: [84,0,0] Assertion `srcIndex < srcSelectDimSize` failed.
../aten/src/ATen/native/cuda/Indexing.cu:1292: indexSelectLargeIndex: block: [1011,0,0], thread: [85,0,0] Assertion `srcIndex < srcSelectDimSize` failed.
../aten/src/ATen/native/cuda/Indexing.cu:1292: indexSelectLargeIndex: block: [1011,0,0], thread: [86,0,0] Assertion `srcIndex < srcSelectDimSize` failed.
../aten/src/ATen/native/cuda/Indexing.cu:1292: indexSelectLargeIndex: block: [1011,0,0], thread: [87,0,0] Assertion `srcIndex < srcSelectDimSize` failed.
../aten/src/ATen/native/cuda/Indexing.cu:1292: indexSelectLargeIndex: block: [1011,0,0], thread: [88,0,0] Assertion `srcIndex < srcSelectDimSize` failed.
../aten/src/ATen/native/cuda/Indexing.cu:1292: indexSelectLargeIndex: block: [1011,0,0], thread: [89,0,0] Assertion `srcIndex < srcSelectDimSize` failed.
../aten/src/ATen/native/cuda/Indexing.cu:1292: indexSelectLargeIndex: block: [1011,0,0], thread: [90,0,0] Assertion `srcIndex < srcSelectDimSize` failed.
../aten/src/ATen/native/cuda/Indexing.cu:1292: indexSelectLargeIndex: block: [1011,0,0], thread: [91,0,0] Assertion `srcIndex < srcSelectDimSize` failed.
../aten/src/ATen/native/cuda/Indexing.cu:1292: indexSelectLargeIndex: block: [1011,0,0], thread: [92,0,0] Assertion `srcIndex < srcSelectDimSize` failed.
../aten/src/ATen/native/cuda/Indexing.cu:1292: indexSelectLargeIndex: block: [1011,0,0], thread: [93,0,0] Assertion `srcIndex < srcSelectDimSize` failed.
../aten/src/ATen/native/cuda/Indexing.cu:1292: indexSelectLargeIndex: block: [1011,0,0], thread: [94,0,0] Assertion `srcIndex < srcSelectDimSize` failed.
../aten/src/ATen/native/cuda/Indexing.cu:1292: indexSelectLargeIndex: block: [1011,0,0], thread: [95,0,0] Assertion `srcIndex < srcSelectDimSize` failed.
../aten/src/ATen/native/cuda/Indexing.cu:1292: indexSelectLargeIndex: block: [1010,0,0], thread: [32,0,0] Assertion `srcIndex < srcSelectDimSize` failed.
../aten/src/ATen/native/cuda/Indexing.cu:1292: indexSelectLargeIndex: block: [1010,0,0], thread: [33,0,0] Assertion `srcIndex < srcSelectDimSize` failed.
../aten/src/ATen/native/cuda/Indexing.cu:1292: indexSelectLargeIndex: block: [1010,0,0], thread: [34,0,0] Assertion `srcIndex < srcSelectDimSize` failed.
../aten/src/ATen/native/cuda/Indexing.cu:1292: indexSelectLargeIndex: block: [1010,0,0], thread: [35,0,0] Assertion `srcIndex < srcSelectDimSize` failed.
../aten/src/ATen/native/cuda/Indexing.cu:1292: indexSelectLargeIndex: block: [1010,0,0], thread: [36,0,0] Assertion `srcIndex < srcSelectDimSize` failed.
../aten/src/ATen/native/cuda/Indexing.cu:1292: indexSelectLargeIndex: block: [1010,0,0], thread: [37,0,0] Assertion `srcIndex < srcSelectDimSize` failed.
../aten/src/ATen/native/cuda/Indexing.cu:1292: indexSelectLargeIndex: block: [1010,0,0], thread: [38,0,0] Assertion `srcIndex < srcSelectDimSize` failed.
../aten/src/ATen/native/cuda/Indexing.cu:1292: indexSelectLargeIndex: block: [1010,0,0], thread: [39,0,0] Assertion `srcIndex < srcSelectDimSize` failed.
../aten/src/ATen/native/cuda/Indexing.cu:1292: indexSelectLargeIndex: block: [1010,0,0], thread: [40,0,0] Assertion `srcIndex < srcSelectDimSize` failed.
../aten/src/ATen/native/cuda/Indexing.cu:1292: indexSelectLargeIndex: block: [1010,0,0], thread: [41,0,0] Assertion `srcIndex < srcSelectDimSize` failed.
../aten/src/ATen/native/cuda/Indexing.cu:1292: indexSelectLargeIndex: block: [1010,0,0], thread: [42,0,0] Assertion `srcIndex < srcSelectDimSize` failed.
../aten/src/ATen/native/cuda/Indexing.cu:1292: indexSelectLargeIndex: block: [1010,0,0], thread: [43,0,0] Assertion `srcIndex < srcSelectDimSize` failed.
../aten/src/ATen/native/cuda/Indexing.cu:1292: indexSelectLargeIndex: block: [1010,0,0], thread: [44,0,0] Assertion `srcIndex < srcSelectDimSize` failed.
../aten/src/ATen/native/cuda/Indexing.cu:1292: indexSelectLargeIndex: block: [1010,0,0], thread: [45,0,0] Assertion `srcIndex < srcSelectDimSize` failed.
../aten/src/ATen/native/cuda/Indexing.cu:1292: indexSelectLargeIndex: block: [1010,0,0], thread: [46,0,0] Assertion `srcIndex < srcSelectDimSize` failed.
../aten/src/ATen/native/cuda/Indexing.cu:1292: indexSelectLargeIndex: block: [1010,0,0], thread: [47,0,0] Assertion `srcIndex < srcSelectDimSize` failed.
../aten/src/ATen/native/cuda/Indexing.cu:1292: indexSelectLargeIndex: block: [1010,0,0], thread: [48,0,0] Assertion `srcIndex < srcSelectDimSize` failed.
../aten/src/ATen/native/cuda/Indexing.cu:1292: indexSelectLargeIndex: block: [1010,0,0], thread: [49,0,0] Assertion `srcIndex < srcSelectDimSize` failed.
../aten/src/ATen/native/cuda/Indexing.cu:1292: indexSelectLargeIndex: block: [1010,0,0], thread: [50,0,0] Assertion `srcIndex < srcSelectDimSize` failed.
../aten/src/ATen/native/cuda/Indexing.cu:1292: indexSelectLargeIndex: block: [1010,0,0], thread: [51,0,0] Assertion `srcIndex < srcSelectDimSize` failed.
../aten/src/ATen/native/cuda/Indexing.cu:1292: indexSelectLargeIndex: block: [1010,0,0], thread: [52,0,0] Assertion `srcIndex < srcSelectDimSize` failed.
../aten/src/ATen/native/cuda/Indexing.cu:1292: indexSelectLargeIndex: block: [1010,0,0], thread: [53,0,0] Assertion `srcIndex < srcSelectDimSize` failed.
../aten/src/ATen/native/cuda/Indexing.cu:1292: indexSelectLargeIndex: block: [1010,0,0], thread: [54,0,0] Assertion `srcIndex < srcSelectDimSize` failed.
../aten/src/ATen/native/cuda/Indexing.cu:1292: indexSelectLargeIndex: block: [1010,0,0], thread: [55,0,0] Assertion `srcIndex < srcSelectDimSize` failed.
../aten/src/ATen/native/cuda/Indexing.cu:1292: indexSelectLargeIndex: block: [1010,0,0], thread: [56,0,0] Assertion `srcIndex < srcSelectDimSize` failed.
../aten/src/ATen/native/cuda/Indexing.cu:1292: indexSelectLargeIndex: block: [1010,0,0], thread: [57,0,0] Assertion `srcIndex < srcSelectDimSize` failed.
../aten/src/ATen/native/cuda/Indexing.cu:1292: indexSelectLargeIndex: block: [1010,0,0], thread: [58,0,0] Assertion `srcIndex < srcSelectDimSize` failed.
../aten/src/ATen/native/cuda/Indexing.cu:1292: indexSelectLargeIndex: block: [1010,0,0], thread: [59,0,0] Assertion `srcIndex < srcSelectDimSize` failed.
../aten/src/ATen/native/cuda/Indexing.cu:1292: indexSelectLargeIndex: block: [1010,0,0], thread: [60,0,0] Assertion `srcIndex < srcSelectDimSize` failed.
../aten/src/ATen/native/cuda/Indexing.cu:1292: indexSelectLargeIndex: block: [1010,0,0], thread: [61,0,0] Assertion `srcIndex < srcSelectDimSize` failed.
../aten/src/ATen/native/cuda/Indexing.cu:1292: indexSelectLargeIndex: block: [1010,0,0], thread: [62,0,0] Assertion `srcIndex < srcSelectDimSize` failed.
../aten/src/ATen/native/cuda/Indexing.cu:1292: indexSelectLargeIndex: block: [1010,0,0], thread: [63,0,0] Assertion `srcIndex < srcSelectDimSize` failed.
Traceback (most recent call last):
  File "/data/home/bty174/.conda/envs/gdtp/lib/python3.8/site-packages/pytorch_lightning/trainer/call.py", line 44, in _call_and_handle_interrupt
    return trainer_fn(*args, **kwargs)
  File "/data/home/bty174/.conda/envs/gdtp/lib/python3.8/site-packages/pytorch_lightning/trainer/trainer.py", line 580, in _fit_impl
    self._run(model, ckpt_path=ckpt_path)
  File "/data/home/bty174/.conda/envs/gdtp/lib/python3.8/site-packages/pytorch_lightning/trainer/trainer.py", line 989, in _run
    results = self._run_stage()
  File "/data/home/bty174/.conda/envs/gdtp/lib/python3.8/site-packages/pytorch_lightning/trainer/trainer.py", line 1035, in _run_stage
    self.fit_loop.run()
  File "/data/home/bty174/.conda/envs/gdtp/lib/python3.8/site-packages/pytorch_lightning/loops/fit_loop.py", line 202, in run
    self.advance()
  File "/data/home/bty174/.conda/envs/gdtp/lib/python3.8/site-packages/pytorch_lightning/loops/fit_loop.py", line 359, in advance
    self.epoch_loop.run(self._data_fetcher)
  File "/data/home/bty174/.conda/envs/gdtp/lib/python3.8/site-packages/pytorch_lightning/loops/training_epoch_loop.py", line 136, in run
    self.advance(data_fetcher)
  File "/data/home/bty174/.conda/envs/gdtp/lib/python3.8/site-packages/pytorch_lightning/loops/training_epoch_loop.py", line 240, in advance
    batch_output = self.automatic_optimization.run(trainer.optimizers[0], batch_idx, kwargs)
  File "/data/home/bty174/.conda/envs/gdtp/lib/python3.8/site-packages/pytorch_lightning/loops/optimization/automatic.py", line 187, in run
    self._optimizer_step(batch_idx, closure)
  File "/data/home/bty174/.conda/envs/gdtp/lib/python3.8/site-packages/pytorch_lightning/loops/optimization/automatic.py", line 265, in _optimizer_step
    call._call_lightning_module_hook(
  File "/data/home/bty174/.conda/envs/gdtp/lib/python3.8/site-packages/pytorch_lightning/trainer/call.py", line 157, in _call_lightning_module_hook
    output = fn(*args, **kwargs)
  File "/data/home/bty174/.conda/envs/gdtp/lib/python3.8/site-packages/pytorch_lightning/core/module.py", line 1282, in optimizer_step
    optimizer.step(closure=optimizer_closure)
  File "/data/home/bty174/.conda/envs/gdtp/lib/python3.8/site-packages/pytorch_lightning/core/optimizer.py", line 151, in step
    step_output = self._strategy.optimizer_step(self._optimizer, closure, **kwargs)
  File "/data/home/bty174/.conda/envs/gdtp/lib/python3.8/site-packages/pytorch_lightning/strategies/strategy.py", line 230, in optimizer_step
    return self.precision_plugin.optimizer_step(optimizer, model=model, closure=closure, **kwargs)
  File "/data/home/bty174/.conda/envs/gdtp/lib/python3.8/site-packages/pytorch_lightning/plugins/precision/precision.py", line 117, in optimizer_step
    return optimizer.step(closure=closure, **kwargs)
  File "/data/home/bty174/.conda/envs/gdtp/lib/python3.8/site-packages/torch/optim/optimizer.py", line 373, in wrapper
    out = func(*args, **kwargs)
  File "/data/home/bty174/.conda/envs/gdtp/lib/python3.8/site-packages/torch/optim/optimizer.py", line 76, in _use_grad
    ret = func(self, *args, **kwargs)
  File "/data/home/bty174/.conda/envs/gdtp/lib/python3.8/site-packages/torch/optim/adam.py", line 143, in step
    loss = closure()
  File "/data/home/bty174/.conda/envs/gdtp/lib/python3.8/site-packages/pytorch_lightning/plugins/precision/precision.py", line 104, in _wrap_closure
    closure_result = closure()
  File "/data/home/bty174/.conda/envs/gdtp/lib/python3.8/site-packages/pytorch_lightning/loops/optimization/automatic.py", line 140, in __call__
    self._result = self.closure(*args, **kwargs)
  File "/data/home/bty174/.conda/envs/gdtp/lib/python3.8/site-packages/torch/utils/_contextlib.py", line 115, in decorate_context
    return func(*args, **kwargs)
  File "/data/home/bty174/.conda/envs/gdtp/lib/python3.8/site-packages/pytorch_lightning/loops/optimization/automatic.py", line 126, in closure
    step_output = self._step_fn()
  File "/data/home/bty174/.conda/envs/gdtp/lib/python3.8/site-packages/pytorch_lightning/loops/optimization/automatic.py", line 315, in _training_step
    training_step_output = call._call_strategy_hook(trainer, "training_step", *kwargs.values())
  File "/data/home/bty174/.conda/envs/gdtp/lib/python3.8/site-packages/pytorch_lightning/trainer/call.py", line 309, in _call_strategy_hook
    output = fn(*args, **kwargs)
  File "/data/home/bty174/.conda/envs/gdtp/lib/python3.8/site-packages/pytorch_lightning/strategies/strategy.py", line 382, in training_step
    return self.lightning_module.training_step(*args, **kwargs)
  File "/data/home/bty174/genomic-drug-targeting/src/models/lightning.py", line 121, in training_step
    labels = torch.tensor([int(label) for label in batch['labels']], dtype=torch.float32, device=self.device)
  File "/data/home/bty174/genomic-drug-targeting/src/models/lightning.py", line 121, in <listcomp>
    labels = torch.tensor([int(label) for label in batch['labels']], dtype=torch.float32, device=self.device)
RuntimeError: CUDA error: device-side assert triggered
CUDA kernel errors might be asynchronously reported at some other API call, so the stacktrace below might be incorrect.
For debugging consider passing CUDA_LAUNCH_BLOCKING=1.
Compile with `TORCH_USE_CUDA_DSA` to enable device-side assertions.


During handling of the above exception, another exception occurred:

Traceback (most recent call last):
  File "main.py", line 24, in <module>
    main(mode="kfold_teacher")
  File "main.py", line 13, in main
    training.kfold_teacher(pvc=True)
  File "/data/home/bty174/genomic-drug-targeting/src/training.py", line 499, in kfold_teacher
    kfold_train(train, genes, test_genes, test_data, num_features, config, model_type="teacher",
  File "/data/home/bty174/genomic-drug-targeting/src/training.py", line 446, in kfold_train
    trainer.fit(mlp_lightning, _train, val)
  File "/data/home/bty174/.conda/envs/gdtp/lib/python3.8/site-packages/pytorch_lightning/trainer/trainer.py", line 544, in fit
    call._call_and_handle_interrupt(
  File "/data/home/bty174/.conda/envs/gdtp/lib/python3.8/site-packages/pytorch_lightning/trainer/call.py", line 68, in _call_and_handle_interrupt
    trainer._teardown()
  File "/data/home/bty174/.conda/envs/gdtp/lib/python3.8/site-packages/pytorch_lightning/trainer/trainer.py", line 1012, in _teardown
    self.strategy.teardown()
  File "/data/home/bty174/.conda/envs/gdtp/lib/python3.8/site-packages/pytorch_lightning/strategies/strategy.py", line 528, in teardown
    self.lightning_module.cpu()
  File "/data/home/bty174/.conda/envs/gdtp/lib/python3.8/site-packages/lightning_fabric/utilities/device_dtype_mixin.py", line 79, in cpu
    return super().cpu()
  File "/data/home/bty174/.conda/envs/gdtp/lib/python3.8/site-packages/torch/nn/modules/module.py", line 967, in cpu
    return self._apply(lambda t: t.cpu())
  File "/data/home/bty174/.conda/envs/gdtp/lib/python3.8/site-packages/torch/nn/modules/module.py", line 810, in _apply
    module._apply(fn)
  File "/data/home/bty174/.conda/envs/gdtp/lib/python3.8/site-packages/torch/nn/modules/module.py", line 810, in _apply
    module._apply(fn)
  File "/data/home/bty174/.conda/envs/gdtp/lib/python3.8/site-packages/torch/nn/modules/module.py", line 810, in _apply
    module._apply(fn)
  File "/data/home/bty174/.conda/envs/gdtp/lib/python3.8/site-packages/torch/nn/modules/module.py", line 833, in _apply
    param_applied = fn(param)
  File "/data/home/bty174/.conda/envs/gdtp/lib/python3.8/site-packages/torch/nn/modules/module.py", line 967, in <lambda>
    return self._apply(lambda t: t.cpu())
RuntimeError: CUDA error: device-side assert triggered
CUDA kernel errors might be asynchronously reported at some other API call, so the stacktrace below might be incorrect.
For debugging consider passing CUDA_LAUNCH_BLOCKING=1.
Compile with `TORCH_USE_CUDA_DSA` to enable device-side assertions.

